2021-08-06 09:44:08,871 INFO org.springframework.boot.StartupInfoLogger [main] Starting AdminApiApplication on VIT7 with PID 9780 (C:\Users\Admin\Documents\union\target\classes started by Admin in C:\Users\Admin\Documents\Union)
2021-08-06 09:44:08,875 INFO org.springframework.boot.SpringApplication [main] No active profile set, falling back to default profiles: default
2021-08-06 09:44:14,251 INFO org.springframework.boot.StartupInfoLogger [main] Started AdminApiApplication in 5.895 seconds (JVM running for 7.311)
2021-08-06 09:53:22,780 INFO org.springframework.boot.StartupInfoLogger [main] Starting AdminApiApplication on VIT7 with PID 10964 (C:\Users\Admin\Documents\union\target\classes started by Admin in C:\Users\Admin\Documents\Union)
2021-08-06 09:53:22,782 INFO org.springframework.boot.SpringApplication [main] No active profile set, falling back to default profiles: default
2021-08-06 09:53:27,471 INFO org.springframework.boot.StartupInfoLogger [main] Started AdminApiApplication in 5.15 seconds (JVM running for 6.209)
2021-08-06 09:54:57,083 INFO org.springframework.boot.StartupInfoLogger [main] Starting AdminApiApplication on VIT7 with PID 3468 (C:\Users\Admin\Documents\union\target\classes started by Admin in C:\Users\Admin\Documents\Union)
2021-08-06 09:54:57,084 INFO org.springframework.boot.SpringApplication [main] No active profile set, falling back to default profiles: default
2021-08-06 09:55:01,720 INFO org.springframework.boot.StartupInfoLogger [main] Started AdminApiApplication in 5.107 seconds (JVM running for 6.264)
2021-08-06 09:56:12,259 INFO org.springframework.boot.StartupInfoLogger [main] Starting AdminApiApplication on VIT7 with PID 11380 (C:\Users\Admin\Documents\union\target\classes started by Admin in C:\Users\Admin\Documents\Union)
2021-08-06 09:56:12,266 INFO org.springframework.boot.SpringApplication [main] No active profile set, falling back to default profiles: default
2021-08-06 09:56:16,993 INFO org.springframework.boot.StartupInfoLogger [main] Started AdminApiApplication in 5.178 seconds (JVM running for 6.345)
2021-08-06 09:56:49,904 INFO org.springframework.boot.StartupInfoLogger [main] Starting AdminApiApplication on VIT7 with PID 7532 (C:\Users\Admin\Documents\union\target\classes started by Admin in C:\Users\Admin\Documents\Union)
2021-08-06 09:56:49,905 INFO org.springframework.boot.SpringApplication [main] No active profile set, falling back to default profiles: default
2021-08-06 09:56:54,370 INFO org.springframework.boot.StartupInfoLogger [main] Started AdminApiApplication in 4.848 seconds (JVM running for 6.008)
2021-08-06 09:58:01,767 INFO org.springframework.boot.StartupInfoLogger [main] Starting AdminApiApplication on VIT7 with PID 2640 (C:\Users\Admin\Documents\union\target\classes started by Admin in C:\Users\Admin\Documents\Union)
2021-08-06 09:58:01,768 INFO org.springframework.boot.SpringApplication [main] No active profile set, falling back to default profiles: default
2021-08-06 09:58:06,338 INFO org.springframework.boot.StartupInfoLogger [main] Started AdminApiApplication in 5.569 seconds (JVM running for 6.761)
2021-08-06 09:58:27,870 INFO org.springframework.boot.StartupInfoLogger [main] Starting AdminApiApplication on VIT7 with PID 12096 (C:\Users\Admin\Documents\union\target\classes started by Admin in C:\Users\Admin\Documents\Union)
2021-08-06 09:58:27,872 INFO org.springframework.boot.SpringApplication [main] No active profile set, falling back to default profiles: default
2021-08-06 09:58:33,621 INFO org.springframework.boot.StartupInfoLogger [main] Started AdminApiApplication in 6.217 seconds (JVM running for 7.83)
2021-08-06 09:59:31,733 INFO org.springframework.boot.StartupInfoLogger [main] Starting AdminApiApplication on VIT7 with PID 8248 (C:\Users\Admin\Documents\union\target\classes started by Admin in C:\Users\Admin\Documents\Union)
2021-08-06 09:59:31,734 INFO org.springframework.boot.SpringApplication [main] No active profile set, falling back to default profiles: default
2021-08-06 09:59:36,264 INFO org.springframework.boot.StartupInfoLogger [main] Started AdminApiApplication in 4.984 seconds (JVM running for 6.036)
2021-08-06 10:01:04,822 INFO org.springframework.boot.StartupInfoLogger [main] Starting AdminApiApplication on VIT7 with PID 10060 (C:\Users\Admin\Documents\union\target\classes started by Admin in C:\Users\Admin\Documents\Union)
2021-08-06 10:01:04,823 INFO org.springframework.boot.SpringApplication [main] No active profile set, falling back to default profiles: default
2021-08-06 10:01:10,494 INFO org.springframework.boot.StartupInfoLogger [main] Started AdminApiApplication in 6.086 seconds (JVM running for 7.542)
2021-08-06 10:06:10,159 INFO org.springframework.boot.StartupInfoLogger [main] Starting AdminApiApplication on VIT7 with PID 10592 (C:\Users\Admin\Documents\union\target\classes started by Admin in C:\Users\Admin\Documents\Union)
2021-08-06 10:06:10,160 INFO org.springframework.boot.SpringApplication [main] No active profile set, falling back to default profiles: default
2021-08-06 10:06:15,786 INFO org.springframework.boot.StartupInfoLogger [main] Started AdminApiApplication in 6.098 seconds (JVM running for 7.524)
2021-08-06 10:08:29,533 INFO org.springframework.boot.StartupInfoLogger [main] Starting AdminApiApplication on VIT7 with PID 11952 (C:\Users\Admin\Documents\union\target\classes started by Admin in C:\Users\Admin\Documents\Union)
2021-08-06 10:08:29,534 INFO org.springframework.boot.SpringApplication [main] No active profile set, falling back to default profiles: default
2021-08-06 10:08:35,289 INFO org.springframework.boot.StartupInfoLogger [main] Started AdminApiApplication in 6.218 seconds (JVM running for 7.589)
2021-08-06 10:12:29,295 INFO org.springframework.boot.StartupInfoLogger [main] Starting AdminApiApplication on VIT7 with PID 11832 (C:\Users\Admin\Documents\union\target\classes started by Admin in C:\Users\Admin\Documents\Union)
2021-08-06 10:12:29,298 INFO org.springframework.boot.SpringApplication [main] No active profile set, falling back to default profiles: default
2021-08-06 10:12:34,851 INFO org.springframework.boot.StartupInfoLogger [main] Started AdminApiApplication in 6.003 seconds (JVM running for 7.516)
2021-08-06 10:23:47,669 INFO org.springframework.boot.StartupInfoLogger [main] Starting AdminApiApplication on VIT7 with PID 6436 (C:\Users\Admin\Documents\union\target\classes started by Admin in C:\Users\Admin\Documents\Union)
2021-08-06 10:23:47,671 INFO org.springframework.boot.SpringApplication [main] No active profile set, falling back to default profiles: default
2021-08-06 10:23:52,556 INFO org.springframework.boot.StartupInfoLogger [main] Started AdminApiApplication in 5.357 seconds (JVM running for 6.544)
2021-08-06 10:25:49,980 INFO org.springframework.boot.StartupInfoLogger [main] Starting AdminApiApplication on VIT7 with PID 3044 (C:\Users\Admin\Documents\union\target\classes started by Admin in C:\Users\Admin\Documents\Union)
2021-08-06 10:25:49,981 INFO org.springframework.boot.SpringApplication [main] No active profile set, falling back to default profiles: default
2021-08-06 10:25:55,353 INFO org.springframework.boot.StartupInfoLogger [main] Started AdminApiApplication in 5.821 seconds (JVM running for 7.245)
2021-08-06 10:27:13,128 INFO org.springframework.boot.StartupInfoLogger [main] Starting AdminApiApplication on VIT7 with PID 8764 (C:\Users\Admin\Documents\union\target\classes started by Admin in C:\Users\Admin\Documents\Union)
2021-08-06 10:27:13,130 INFO org.springframework.boot.SpringApplication [main] No active profile set, falling back to default profiles: default
2021-08-06 10:27:23,688 INFO org.springframework.boot.StartupInfoLogger [main] Starting AdminApiApplication on VIT7 with PID 8280 (C:\Users\Admin\Documents\union\target\classes started by Admin in C:\Users\Admin\Documents\Union)
2021-08-06 10:27:23,689 INFO org.springframework.boot.SpringApplication [main] No active profile set, falling back to default profiles: default
2021-08-06 10:27:29,190 INFO org.springframework.boot.StartupInfoLogger [main] Started AdminApiApplication in 5.987 seconds (JVM running for 8.063)
2021-08-06 10:28:14,645 INFO org.springframework.boot.StartupInfoLogger [main] Starting AdminApiApplication on VIT7 with PID 11692 (C:\Users\Admin\Documents\union\target\classes started by Admin in C:\Users\Admin\Documents\Union)
2021-08-06 10:28:14,646 INFO org.springframework.boot.SpringApplication [main] No active profile set, falling back to default profiles: default
2021-08-06 10:28:19,164 INFO org.springframework.boot.StartupInfoLogger [main] Started AdminApiApplication in 4.966 seconds (JVM running for 6.052)
2021-08-06 10:40:03,350 INFO org.springframework.boot.StartupInfoLogger [main] Starting AdminApiApplication on VIT7 with PID 3980 (C:\Users\Admin\Documents\union\target\classes started by Admin in C:\Users\Admin\Documents\Union)
2021-08-06 10:40:03,351 INFO org.springframework.boot.SpringApplication [main] No active profile set, falling back to default profiles: default
2021-08-06 10:40:08,737 INFO org.springframework.boot.StartupInfoLogger [main] Started AdminApiApplication in 5.815 seconds (JVM running for 7.342)
2021-08-06 10:43:25,893 INFO org.springframework.boot.StartupInfoLogger [main] Starting AdminApiApplication on VIT7 with PID 10248 (C:\Users\Admin\Documents\union\target\classes started by Admin in C:\Users\Admin\Documents\Union)
2021-08-06 10:43:25,894 INFO org.springframework.boot.SpringApplication [main] No active profile set, falling back to default profiles: default
2021-08-06 10:43:31,265 INFO org.springframework.boot.StartupInfoLogger [main] Started AdminApiApplication in 5.8 seconds (JVM running for 7.294)
2021-08-06 10:44:39,856 INFO org.springframework.boot.StartupInfoLogger [main] Starting AdminApiApplication on VIT7 with PID 10668 (C:\Users\Admin\Documents\union\target\classes started by Admin in C:\Users\Admin\Documents\Union)
2021-08-06 10:44:39,858 INFO org.springframework.boot.SpringApplication [main] No active profile set, falling back to default profiles: default
2021-08-06 10:44:45,424 INFO org.springframework.boot.StartupInfoLogger [main] Started AdminApiApplication in 6.129 seconds (JVM running for 7.738)
2021-08-06 10:45:45,597 INFO org.springframework.boot.StartupInfoLogger [main] Starting AdminApiApplication on VIT7 with PID 11768 (C:\Users\Admin\Documents\union\target\classes started by Admin in C:\Users\Admin\Documents\Union)
2021-08-06 10:45:45,598 INFO org.springframework.boot.SpringApplication [main] No active profile set, falling back to default profiles: default
2021-08-06 10:45:50,111 INFO org.springframework.boot.StartupInfoLogger [main] Started AdminApiApplication in 4.954 seconds (JVM running for 6.05)
2021-08-06 10:47:20,961 INFO org.springframework.boot.StartupInfoLogger [main] Starting AdminApiApplication on VIT7 with PID 6148 (C:\Users\Admin\Documents\union\target\classes started by Admin in C:\Users\Admin\Documents\Union)
2021-08-06 10:47:20,962 INFO org.springframework.boot.SpringApplication [main] No active profile set, falling back to default profiles: default
2021-08-06 10:47:25,619 INFO org.springframework.boot.StartupInfoLogger [main] Started AdminApiApplication in 5.07 seconds (JVM running for 6.356)
2021-08-06 10:52:48,053 INFO org.springframework.boot.StartupInfoLogger [main] Starting AdminApiApplication on VIT7 with PID 1316 (C:\Users\Admin\Documents\union\target\classes started by Admin in C:\Users\Admin\Documents\Union)
2021-08-06 10:52:48,054 INFO org.springframework.boot.SpringApplication [main] No active profile set, falling back to default profiles: default
2021-08-06 10:52:52,786 INFO org.springframework.boot.StartupInfoLogger [main] Started AdminApiApplication in 5.174 seconds (JVM running for 6.273)
2021-08-06 10:53:40,777 INFO org.springframework.boot.StartupInfoLogger [main] Starting AdminApiApplication on VIT7 with PID 5248 (C:\Users\Admin\Documents\union\target\classes started by Admin in C:\Users\Admin\Documents\Union)
2021-08-06 10:53:40,778 INFO org.springframework.boot.SpringApplication [main] No active profile set, falling back to default profiles: default
2021-08-06 10:53:46,715 INFO org.springframework.boot.StartupInfoLogger [main] Started AdminApiApplication in 6.946 seconds (JVM running for 8.8)
2021-08-06 11:00:13,700 INFO org.springframework.boot.StartupInfoLogger [main] Starting AdminApiApplication on VIT7 with PID 7408 (C:\Users\Admin\Documents\union\target\classes started by Admin in C:\Users\Admin\Documents\Union)
2021-08-06 11:00:13,701 INFO org.springframework.boot.SpringApplication [main] No active profile set, falling back to default profiles: default
2021-08-06 11:00:18,339 INFO org.springframework.boot.StartupInfoLogger [main] Started AdminApiApplication in 5.113 seconds (JVM running for 6.323)
2021-08-06 13:47:07,821 INFO org.springframework.boot.StartupInfoLogger [main] Starting AdminApiApplication on VIT7 with PID 10848 (C:\Users\Admin\Documents\union\target\classes started by Admin in C:\Users\Admin\Documents\Union)
2021-08-06 13:47:07,822 INFO org.springframework.boot.SpringApplication [main] No active profile set, falling back to default profiles: default
2021-08-06 13:47:12,880 INFO org.springframework.boot.StartupInfoLogger [main] Started AdminApiApplication in 5.557 seconds (JVM running for 6.78)
2021-08-06 13:49:50,326 INFO org.springframework.boot.StartupInfoLogger [main] Starting AdminApiApplication on VIT7 with PID 9848 (C:\Users\Admin\Documents\union\target\classes started by Admin in C:\Users\Admin\Documents\Union)
2021-08-06 13:49:50,327 INFO org.springframework.boot.SpringApplication [main] No active profile set, falling back to default profiles: default
2021-08-06 13:49:54,962 INFO org.springframework.boot.StartupInfoLogger [main] Started AdminApiApplication in 5.071 seconds (JVM running for 6.185)
2021-08-06 13:51:27,729 INFO org.springframework.boot.StartupInfoLogger [main] Starting AdminApiApplication on VIT7 with PID 11204 (C:\Users\Admin\Documents\union\target\classes started by Admin in C:\Users\Admin\Documents\Union)
2021-08-06 13:51:27,730 INFO org.springframework.boot.SpringApplication [main] No active profile set, falling back to default profiles: default
2021-08-06 13:51:33,299 INFO org.springframework.boot.StartupInfoLogger [main] Started AdminApiApplication in 5.995 seconds (JVM running for 7.462)
2021-08-06 14:17:24,112 INFO org.springframework.boot.StartupInfoLogger [main] Starting AdminApiApplication on VIT7 with PID 5052 (C:\Users\Admin\Documents\union\target\classes started by Admin in C:\Users\Admin\Documents\Union)
2021-08-06 14:17:24,114 INFO org.springframework.boot.SpringApplication [main] No active profile set, falling back to default profiles: default
2021-08-06 14:17:28,660 INFO org.springframework.boot.StartupInfoLogger [main] Started AdminApiApplication in 5.044 seconds (JVM running for 6.108)
2021-08-06 14:17:41,277 ERROR com.mama.union.controllers.PersonController [http-nio-8080-exec-2] namenem user@mail.com
2021-08-06 14:17:57,115 ERROR com.mama.union.controllers.PersonController [http-nio-8080-exec-3] namenem admin@mail.com
2021-08-06 14:18:20,662 ERROR com.mama.union.controllers.PersonController [http-nio-8080-exec-4] namenem admin@mail.com
2021-08-06 14:18:33,259 ERROR com.mama.union.controllers.PersonController [http-nio-8080-exec-5] namenem user@mail.com
2021-08-06 14:18:57,076 INFO org.springframework.boot.StartupInfoLogger [main] Starting AdminApiApplication on VIT7 with PID 12988 (C:\Users\Admin\Documents\union\target\classes started by Admin in C:\Users\Admin\Documents\Union)
2021-08-06 14:18:57,077 INFO org.springframework.boot.SpringApplication [main] No active profile set, falling back to default profiles: default
2021-08-06 14:19:02,645 INFO org.springframework.boot.StartupInfoLogger [main] Started AdminApiApplication in 6.037 seconds (JVM running for 7.565)
2021-08-06 14:19:22,504 ERROR com.mama.union.controllers.PersonController [http-nio-8080-exec-6] namenem user@mail.com
2021-08-06 14:20:20,587 INFO org.springframework.boot.StartupInfoLogger [main] Starting AdminApiApplication on VIT7 with PID 12576 (C:\Users\Admin\Documents\union\target\classes started by Admin in C:\Users\Admin\Documents\Union)
2021-08-06 14:20:20,588 INFO org.springframework.boot.SpringApplication [main] No active profile set, falling back to default profiles: default
2021-08-06 14:20:25,144 INFO org.springframework.boot.StartupInfoLogger [main] Started AdminApiApplication in 5.028 seconds (JVM running for 6.05)
2021-08-06 14:20:29,356 ERROR com.mama.union.controllers.PersonController [http-nio-8080-exec-1] namenem user@mail.com
2021-08-06 14:20:39,951 ERROR com.mama.union.controllers.PersonController [http-nio-8080-exec-3] namenem admin@mail.com
2021-08-06 14:41:40,374 INFO org.springframework.boot.StartupInfoLogger [main] Starting AdminApiApplication on VIT7 with PID 10216 (C:\Users\Admin\Documents\union\target\classes started by Admin in C:\Users\Admin\Documents\Union)
2021-08-06 14:41:40,376 INFO org.springframework.boot.SpringApplication [main] No active profile set, falling back to default profiles: default
2021-08-06 14:41:46,449 INFO org.springframework.boot.StartupInfoLogger [main] Started AdminApiApplication in 6.608 seconds (JVM running for 8.179)
2021-08-06 14:42:00,253 INFO com.mama.union.controllers.PersonController [http-nio-8080-exec-2] user user@mail.com
2021-08-06 14:42:18,409 INFO com.mama.union.controllers.PersonController [http-nio-8080-exec-3] user admin@mail.com
2021-08-06 14:44:07,318 INFO org.springframework.boot.StartupInfoLogger [main] Starting AdminApiApplication on VIT7 with PID 8724 (C:\Users\Admin\Documents\union\target\classes started by Admin in C:\Users\Admin\Documents\Union)
2021-08-06 14:44:07,318 INFO org.springframework.boot.SpringApplication [main] No active profile set, falling back to default profiles: default
2021-08-06 14:44:12,438 INFO org.springframework.boot.StartupInfoLogger [main] Started AdminApiApplication in 5.661 seconds (JVM running for 6.824)
2021-08-06 14:44:16,601 INFO com.mama.union.controllers.PersonController [http-nio-8080-exec-2] user admin@mail.com request org.springframework.web.util.ContentCachingRequestWrapper@fe6e2e2
2021-08-06 14:44:19,594 INFO com.mama.union.controllers.PersonController [http-nio-8080-exec-3] user user@mail.com request org.springframework.web.util.ContentCachingRequestWrapper@783fe241
2021-08-06 15:06:08,903 INFO com.mama.union.controllers.PersonController [http-nio-8080-exec-6] user user@mail.com request org.springframework.web.util.ContentCachingRequestWrapper@3b52ed7b
2021-08-06 15:10:00,075 INFO org.springframework.boot.StartupInfoLogger [main] Starting AdminApiApplication on VIT7 with PID 12944 (C:\Users\Admin\Documents\union\target\classes started by Admin in C:\Users\Admin\Documents\Union)
2021-08-06 15:10:00,076 INFO org.springframework.boot.SpringApplication [main] No active profile set, falling back to default profiles: default
2021-08-06 15:10:04,638 INFO org.springframework.boot.StartupInfoLogger [main] Started AdminApiApplication in 5.015 seconds (JVM running for 6.034)
2021-08-06 15:10:07,790 INFO com.mama.union.controllers.PersonController [http-nio-8080-exec-1] user user@mail.com request org.springframework.web.util.ContentCachingRequestWrapper@a4671d4
2021-08-06 15:19:14,037 INFO org.springframework.boot.StartupInfoLogger [main] Starting AdminApiApplication on VIT7 with PID 1760 (C:\Users\Admin\Documents\union\target\classes started by Admin in C:\Users\Admin\Documents\Union)
2021-08-06 15:19:14,039 INFO org.springframework.boot.SpringApplication [main] No active profile set, falling back to default profiles: default
2021-08-06 15:19:18,767 INFO org.springframework.boot.StartupInfoLogger [main] Started AdminApiApplication in 5.187 seconds (JVM running for 6.649)
2021-08-06 15:19:33,794 INFO com.mama.union.controllers.PersonController [http-nio-8080-exec-2] user user@mail.com request /api/v1/persons
2021-08-06 15:21:28,377 INFO org.springframework.boot.StartupInfoLogger [main] Starting AdminApiApplication on VIT7 with PID 10276 (C:\Users\Admin\Documents\union\target\classes started by Admin in C:\Users\Admin\Documents\Union)
2021-08-06 15:21:28,378 INFO org.springframework.boot.SpringApplication [main] No active profile set, falling back to default profiles: default
2021-08-06 15:21:33,062 INFO org.springframework.boot.StartupInfoLogger [main] Started AdminApiApplication in 5.134 seconds (JVM running for 6.274)
2021-08-06 15:21:35,646 INFO com.mama.union.controllers.PersonController [http-nio-8080-exec-1] user user@mail.com [ request GET /api/v1/persons ]
2021-08-06 15:21:37,762 INFO com.mama.union.controllers.PersonController [http-nio-8080-exec-4] user admin@mail.com [ request GET /api/v1/persons ]
2021-08-06 15:51:56,813 INFO org.springframework.boot.StartupInfoLogger [main] Starting AdminApiApplication on VIT7 with PID 7544 (C:\Users\Admin\Documents\union\target\classes started by Admin in C:\Users\Admin\Documents\Union)
2021-08-06 15:51:56,814 INFO org.springframework.boot.SpringApplication [main] No active profile set, falling back to default profiles: default
2021-08-06 15:52:01,776 INFO org.springframework.boot.StartupInfoLogger [main] Started AdminApiApplication in 5.545 seconds (JVM running for 6.769)
2021-08-06 15:52:17,834 INFO com.mama.union.controllers.PersonController [http-nio-8080-exec-1] user admin@mail.com [ request GET /api/v1/persons ]
2021-08-06 15:56:15,422 INFO org.springframework.boot.StartupInfoLogger [main] Starting AdminApiApplication on VIT7 with PID 11208 (C:\Users\Admin\Documents\union\target\classes started by Admin in C:\Users\Admin\Documents\Union)
2021-08-06 15:56:15,425 INFO org.springframework.boot.SpringApplication [main] No active profile set, falling back to default profiles: default
2021-08-06 15:56:20,782 INFO org.springframework.boot.StartupInfoLogger [main] Started AdminApiApplication in 5.923 seconds (JVM running for 7.703)
2021-08-06 15:56:28,670 INFO com.mama.union.controllers.PersonController [http-nio-8080-exec-1] user admin@mail.com [ request GET /api/v1/persons ]
2021-08-06 16:17:02,829 INFO org.springframework.boot.StartupInfoLogger [main] Starting AdminApiApplication on VIT7 with PID 7672 (C:\Users\Admin\Documents\union\target\classes started by Admin in C:\Users\Admin\Documents\Union)
2021-08-06 16:17:02,831 INFO org.springframework.boot.SpringApplication [main] No active profile set, falling back to default profiles: default
2021-08-06 16:17:07,711 INFO org.springframework.boot.StartupInfoLogger [main] Started AdminApiApplication in 5.383 seconds (JVM running for 6.715)
2021-08-06 16:17:11,133 INFO com.mama.union.controllers.PersonController [http-nio-8080-exec-1] user admin@mail.com [ request GET /api/v1/persons ]
2021-08-06 16:17:34,966 INFO org.springframework.boot.StartupInfoLogger [main] Starting AdminApiApplication on VIT7 with PID 12924 (C:\Users\Admin\Documents\union\target\classes started by Admin in C:\Users\Admin\Documents\Union)
2021-08-06 16:17:34,967 INFO org.springframework.boot.SpringApplication [main] No active profile set, falling back to default profiles: default
2021-08-06 16:17:39,583 INFO org.springframework.boot.StartupInfoLogger [main] Started AdminApiApplication in 5.093 seconds (JVM running for 6.306)
2021-08-06 16:17:42,387 INFO com.mama.union.controllers.PersonController [http-nio-8080-exec-2] user admin@mail.com [ request GET /api/v1/persons ]
2021-08-06 16:17:53,170 INFO org.springframework.boot.StartupInfoLogger [main] Starting AdminApiApplication on VIT7 with PID 12032 (C:\Users\Admin\Documents\union\target\classes started by Admin in C:\Users\Admin\Documents\Union)
2021-08-06 16:17:53,171 INFO org.springframework.boot.SpringApplication [main] No active profile set, falling back to default profiles: default
2021-08-06 16:17:59,456 INFO org.springframework.boot.StartupInfoLogger [main] Started AdminApiApplication in 6.905 seconds (JVM running for 8.744)
2021-08-06 16:18:01,499 INFO com.mama.union.controllers.PersonController [http-nio-8080-exec-1] user admin@mail.com [ request GET /api/v1/persons ]
2021-08-06 16:20:26,794 INFO com.mama.union.controllers.PersonController [http-nio-8080-exec-3] user admin@mail.com [ request GET /api/v1/persons ]
2021-08-06 16:21:28,904 INFO org.springframework.boot.StartupInfoLogger [main] Starting AdminApiApplication on VIT7 with PID 5684 (C:\Users\Admin\Documents\union\target\classes started by Admin in C:\Users\Admin\Documents\Union)
2021-08-06 16:21:28,906 INFO org.springframework.boot.SpringApplication [main] No active profile set, falling back to default profiles: default
2021-08-06 16:21:33,918 INFO org.springframework.boot.StartupInfoLogger [main] Started AdminApiApplication in 5.476 seconds (JVM running for 6.681)
2021-08-06 16:21:47,707 INFO com.mama.union.controllers.PersonController [http-nio-8080-exec-6] user admin@mail.com [ request GET /api/v1/persons ]
2021-08-06 16:21:51,195 INFO com.mama.union.controllers.PersonController [http-nio-8080-exec-7] user admin@mail.com [ request GET /api/v1/persons ]
2021-08-06 16:23:20,473 INFO org.springframework.boot.StartupInfoLogger [main] Starting AdminApiApplication on VIT7 with PID 7364 (C:\Users\Admin\Documents\union\target\classes started by Admin in C:\Users\Admin\Documents\Union)
2021-08-06 16:23:20,474 INFO org.springframework.boot.SpringApplication [main] No active profile set, falling back to default profiles: default
2021-08-06 16:23:26,321 INFO org.springframework.boot.StartupInfoLogger [main] Started AdminApiApplication in 6.446 seconds (JVM running for 8.16)
2021-08-06 16:25:33,504 INFO org.springframework.boot.StartupInfoLogger [main] Starting AdminApiApplication on VIT7 with PID 10716 (C:\Users\Admin\Documents\union\target\classes started by Admin in C:\Users\Admin\Documents\Union)
2021-08-06 16:25:33,505 INFO org.springframework.boot.SpringApplication [main] No active profile set, falling back to default profiles: default
2021-08-06 16:25:40,174 INFO org.springframework.boot.StartupInfoLogger [main] Started AdminApiApplication in 7.21 seconds (JVM running for 9.88)
2021-08-06 16:28:24,373 INFO org.springframework.boot.StartupInfoLogger [main] Starting AdminApiApplication on VIT7 with PID 8700 (C:\Users\Admin\Documents\union\target\classes started by Admin in C:\Users\Admin\Documents\Union)
2021-08-06 16:28:24,374 INFO org.springframework.boot.SpringApplication [main] No active profile set, falling back to default profiles: default
2021-08-06 16:28:29,702 INFO org.springframework.boot.StartupInfoLogger [main] Started AdminApiApplication in 5.841 seconds (JVM running for 7.005)
2021-08-06 16:28:32,130 INFO com.mama.union.controllers.PersonController [http-nio-8080-exec-2] user admin@mail.com [ request GET /api/v1/persons ]
2021-08-06 16:29:27,674 INFO org.springframework.boot.StartupInfoLogger [main] Starting AdminApiApplication on VIT7 with PID 5308 (C:\Users\Admin\Documents\union\target\classes started by Admin in C:\Users\Admin\Documents\Union)
2021-08-06 16:29:27,675 INFO org.springframework.boot.SpringApplication [main] No active profile set, falling back to default profiles: default
2021-08-06 16:29:33,075 INFO org.springframework.boot.StartupInfoLogger [main] Started AdminApiApplication in 5.876 seconds (JVM running for 7.409)
2021-08-06 16:33:29,100 INFO org.springframework.boot.StartupInfoLogger [main] Starting AdminApiApplication on VIT7 with PID 5092 (C:\Users\Admin\Documents\union\target\classes started by Admin in C:\Users\Admin\Documents\Union)
2021-08-06 16:33:29,102 INFO org.springframework.boot.SpringApplication [main] No active profile set, falling back to default profiles: default
2021-08-06 16:33:33,832 INFO org.springframework.boot.StartupInfoLogger [main] Started AdminApiApplication in 5.172 seconds (JVM running for 6.289)
2021-08-06 16:36:59,147 INFO org.springframework.boot.StartupInfoLogger [main] Starting AdminApiApplication on VIT7 with PID 7596 (C:\Users\Admin\Documents\union\target\classes started by Admin in C:\Users\Admin\Documents\Union)
2021-08-06 16:36:59,148 INFO org.springframework.boot.SpringApplication [main] No active profile set, falling back to default profiles: default
2021-08-06 16:37:03,908 INFO org.springframework.boot.StartupInfoLogger [main] Started AdminApiApplication in 5.204 seconds (JVM running for 6.272)
2021-08-06 16:41:44,215 INFO org.springframework.boot.StartupInfoLogger [main] Starting AdminApiApplication on VIT7 with PID 8512 (C:\Users\Admin\Documents\union\target\classes started by Admin in C:\Users\Admin\Documents\Union)
2021-08-06 16:41:44,216 INFO org.springframework.boot.SpringApplication [main] No active profile set, falling back to default profiles: default
2021-08-06 16:41:48,817 INFO org.springframework.boot.StartupInfoLogger [main] Started AdminApiApplication in 5.148 seconds (JVM running for 6.203)
2021-08-06 16:41:54,011 INFO com.mama.union.controllers.PersonController [http-nio-8080-exec-2] user admin@mail.com [ request GET /api/v1/persons ]
2021-08-06 16:43:04,906 INFO org.springframework.boot.StartupInfoLogger [main] Starting AdminApiApplication on VIT7 with PID 3828 (C:\Users\Admin\Documents\union\target\classes started by Admin in C:\Users\Admin\Documents\Union)
2021-08-06 16:43:04,907 INFO org.springframework.boot.SpringApplication [main] No active profile set, falling back to default profiles: default
2021-08-06 16:43:09,895 INFO org.springframework.boot.StartupInfoLogger [main] Started AdminApiApplication in 5.35 seconds (JVM running for 6.478)
2021-08-06 16:43:18,334 INFO com.mama.union.controllers.PersonController [http-nio-8080-exec-2] user admin@mail.com [ request GET /api/v1/persons ]
